<?xml version="1.0" encoding="UTF-8"?>
<testng-results ignored="0" total="10" passed="9" failed="1" skipped="0">
  <reporter-output>
  </reporter-output>
  <suite started-at="2025-11-04T12:11:01 IST" name="Default suite" finished-at="2025-11-04T12:11:46 IST" duration-ms="45738">
    <groups>
    </groups>
    <test started-at="2025-11-04T12:11:01 IST" name="Default test" finished-at="2025-11-04T12:11:46 IST" duration-ms="45738">
      <class name="tests.TC_02_xllogin">
        <test-method is-config="true" signature="setup()[pri:0, instance:tests.TC_02_xllogin@55b0dcab]" started-at="2025-11-04T12:11:01 IST" name="setup" finished-at="2025-11-04T12:11:07 IST" duration-ms="6013" status="PASS">
          <reporter-output>
          </reporter-output>
        </test-method> <!-- setup -->
        <test-method is-config="true" signature="initPage()[pri:0, instance:tests.TC_02_xllogin@55b0dcab]" started-at="2025-11-04T12:11:07 IST" name="initPage" finished-at="2025-11-04T12:11:07 IST" duration-ms="1" status="PASS">
          <reporter-output>
          </reporter-output>
        </test-method> <!-- initPage -->
        <test-method signature="testLogin(java.lang.String,java.lang.String,java.lang.String)[pri:0, instance:tests.TC_02_xllogin@55b0dcab]" started-at="2025-11-04T12:11:09 IST" name="testLogin" data-provider="loginData" finished-at="2025-11-04T12:11:12 IST" duration-ms="3423" status="PASS">
          <params>
            <param index="0">
              <value>
                <![CDATA[Zekypulo@fxzig.com]]>
              </value>
            </param>
            <param index="1">
              <value>
                <![CDATA[ZXCVBNM]]>
              </value>
            </param>
            <param index="2">
              <value>
                <![CDATA[Fail]]>
              </value>
            </param>
          </params>
          <reporter-output>
          </reporter-output>
        </test-method> <!-- testLogin -->
        <test-method signature="testLogin(java.lang.String,java.lang.String,java.lang.String)[pri:0, instance:tests.TC_02_xllogin@55b0dcab]" started-at="2025-11-04T12:11:12 IST" name="testLogin" data-provider="loginData" finished-at="2025-11-04T12:11:15 IST" duration-ms="2976" status="PASS">
          <params>
            <param index="0">
              <value>
                <![CDATA[zekypulo@gmail.com]]>
              </value>
            </param>
            <param index="1">
              <value>
                <![CDATA[zxcvbnm]]>
              </value>
            </param>
            <param index="2">
              <value>
                <![CDATA[Fail]]>
              </value>
            </param>
          </params>
          <reporter-output>
          </reporter-output>
        </test-method> <!-- testLogin -->
        <test-method signature="testLogin(java.lang.String,java.lang.String,java.lang.String)[pri:0, instance:tests.TC_02_xllogin@55b0dcab]" started-at="2025-11-04T12:11:15 IST" name="testLogin" data-provider="loginData" finished-at="2025-11-04T12:11:18 IST" duration-ms="3085" status="PASS">
          <params>
            <param index="0">
              <value>
                <![CDATA[zekypulo@fxzig.com]]>
              </value>
            </param>
            <param index="1">
              <value>
                <![CDATA[ZXCVBNM]]>
              </value>
            </param>
            <param index="2">
              <value>
                <![CDATA[Fail]]>
              </value>
            </param>
          </params>
          <reporter-output>
          </reporter-output>
        </test-method> <!-- testLogin -->
        <test-method signature="testLogin(java.lang.String,java.lang.String,java.lang.String)[pri:0, instance:tests.TC_02_xllogin@55b0dcab]" started-at="2025-11-04T12:11:18 IST" name="testLogin" data-provider="loginData" finished-at="2025-11-04T12:11:21 IST" duration-ms="2976" status="PASS">
          <params>
            <param index="0">
              <value>
                <![CDATA[zekypulo@fxzig.com]]>
              </value>
            </param>
            <param index="1">
              <value>
                <![CDATA[Zxcvbnm]]>
              </value>
            </param>
            <param index="2">
              <value>
                <![CDATA[Fail]]>
              </value>
            </param>
          </params>
          <reporter-output>
          </reporter-output>
        </test-method> <!-- testLogin -->
        <test-method signature="testLogin(java.lang.String,java.lang.String,java.lang.String)[pri:0, instance:tests.TC_02_xllogin@55b0dcab]" started-at="2025-11-04T12:11:21 IST" name="testLogin" data-provider="loginData" finished-at="2025-11-04T12:11:24 IST" duration-ms="2876" status="PASS">
          <params>
            <param index="0">
              <value>
                <![CDATA[zekypulo@fxzig.com]]>
              </value>
            </param>
            <param index="1">
              <value>
                <![CDATA[admin]]>
              </value>
            </param>
            <param index="2">
              <value>
                <![CDATA[Fail]]>
              </value>
            </param>
          </params>
          <reporter-output>
          </reporter-output>
        </test-method> <!-- testLogin -->
        <test-method signature="testLogin(java.lang.String,java.lang.String,java.lang.String)[pri:0, instance:tests.TC_02_xllogin@55b0dcab]" started-at="2025-11-04T12:11:24 IST" name="testLogin" data-provider="loginData" finished-at="2025-11-04T12:11:27 IST" duration-ms="2846" status="PASS">
          <params>
            <param index="0">
              <value>
                <![CDATA[admin]]>
              </value>
            </param>
            <param index="1">
              <value>
                <![CDATA[zxcvbnm]]>
              </value>
            </param>
            <param index="2">
              <value>
                <![CDATA[Fail]]>
              </value>
            </param>
          </params>
          <reporter-output>
          </reporter-output>
        </test-method> <!-- testLogin -->
        <test-method signature="testLogin(java.lang.String,java.lang.String,java.lang.String)[pri:0, instance:tests.TC_02_xllogin@55b0dcab]" started-at="2025-11-04T12:11:27 IST" name="testLogin" data-provider="loginData" finished-at="2025-11-04T12:11:30 IST" duration-ms="2870" status="PASS">
          <params>
            <param index="0">
              <value>
                <![CDATA[admin]]>
              </value>
            </param>
            <param index="1">
              <value>
                <![CDATA[admin]]>
              </value>
            </param>
            <param index="2">
              <value>
                <![CDATA[Fail]]>
              </value>
            </param>
          </params>
          <reporter-output>
          </reporter-output>
        </test-method> <!-- testLogin -->
        <test-method signature="testLogin(java.lang.String,java.lang.String,java.lang.String)[pri:0, instance:tests.TC_02_xllogin@55b0dcab]" started-at="2025-11-04T12:11:30 IST" name="testLogin" data-provider="loginData" finished-at="2025-11-04T12:11:33 IST" duration-ms="2928" status="PASS">
          <params>
            <param index="0">
              <value>
                <![CDATA[ZEKYPULO@FXZIG.COM]]>
              </value>
            </param>
            <param index="1">
              <value>
                <![CDATA[ZXCVBNM]]>
              </value>
            </param>
            <param index="2">
              <value>
                <![CDATA[Fail]]>
              </value>
            </param>
          </params>
          <reporter-output>
          </reporter-output>
        </test-method> <!-- testLogin -->
        <test-method signature="testLogin(java.lang.String,java.lang.String,java.lang.String)[pri:0, instance:tests.TC_02_xllogin@55b0dcab]" started-at="2025-11-04T12:11:33 IST" name="testLogin" data-provider="loginData" finished-at="2025-11-04T12:11:36 IST" duration-ms="3204" status="FAIL">
          <params>
            <param index="0">
              <value>
                <![CDATA[zekypulo@fxzig.com]]>
              </value>
            </param>
            <param index="1">
              <value>
                <![CDATA[zxcvbnm]]>
              </value>
            </param>
            <param index="2">
              <value>
                <![CDATA[Success]]>
              </value>
            </param>
          </params>
          <exception class="java.lang.AssertionError">
            <message>
              <![CDATA[Login test failed for: zekypulo@fxzig.com expected [Success] but found [Fail]]]>
            </message>
            <full-stacktrace>
              <![CDATA[java.lang.AssertionError: Login test failed for: zekypulo@fxzig.com expected [Success] but found [Fail]
at org.testng.Assert.fail(Assert.java:111)
at org.testng.Assert.failNotEquals(Assert.java:1590)
at org.testng.Assert.assertEqualsImpl(Assert.java:150)
at org.testng.Assert.assertEquals(Assert.java:132)
at org.testng.Assert.assertEquals(Assert.java:656)
at tests.TC_02_xllogin.testLogin(TC_02_xllogin.java:75)
at java.base/jdk.internal.reflect.DirectMethodHandleAccessor.invoke(DirectMethodHandleAccessor.java:103)
at java.base/java.lang.reflect.Method.invoke(Method.java:580)
at org.testng.internal.invokers.MethodInvocationHelper.invokeMethod(MethodInvocationHelper.java:141)
at org.testng.internal.invokers.TestInvoker.invokeMethod(TestInvoker.java:687)
at org.testng.internal.invokers.TestInvoker.invokeTestMethod(TestInvoker.java:230)
at org.testng.internal.invokers.MethodRunner.runInSequence(MethodRunner.java:63)
at org.testng.internal.invokers.TestInvoker$MethodInvocationAgent.invoke(TestInvoker.java:995)
at org.testng.internal.invokers.TestInvoker.invokeTestMethods(TestInvoker.java:203)
at org.testng.internal.invokers.TestMethodWorker.invokeTestMethods(TestMethodWorker.java:154)
at org.testng.internal.invokers.TestMethodWorker.run(TestMethodWorker.java:134)
at java.base/java.util.ArrayList.forEach(ArrayList.java:1596)
at org.testng.TestRunner.privateRun(TestRunner.java:741)
at org.testng.TestRunner.run(TestRunner.java:616)
at org.testng.SuiteRunner.runTest(SuiteRunner.java:421)
at org.testng.SuiteRunner.runSequentially(SuiteRunner.java:413)
at org.testng.SuiteRunner.privateRun(SuiteRunner.java:373)
at org.testng.SuiteRunner.run(SuiteRunner.java:312)
at org.testng.SuiteRunnerWorker.runSuite(SuiteRunnerWorker.java:52)
at org.testng.SuiteRunnerWorker.run(SuiteRunnerWorker.java:95)
at org.testng.TestNG.runSuitesSequentially(TestNG.java:1274)
at org.testng.TestNG.runSuitesLocally(TestNG.java:1208)
at org.testng.TestNG.runSuites(TestNG.java:1112)
at org.testng.TestNG.run(TestNG.java:1079)
at org.testng.remote.AbstractRemoteTestNG.run(AbstractRemoteTestNG.java:115)
at org.testng.remote.RemoteTestNG.initAndRun(RemoteTestNG.java:293)
at org.testng.remote.RemoteTestNG.main(RemoteTestNG.java:91)
]]>
            </full-stacktrace>
          </exception> <!-- java.lang.AssertionError -->
          <reporter-output>
          </reporter-output>
        </test-method> <!-- testLogin -->
        <test-method signature="testLogin(java.lang.String,java.lang.String,java.lang.String)[pri:0, instance:tests.TC_02_xllogin@55b0dcab]" started-at="2025-11-04T12:11:36 IST" name="testLogin" data-provider="loginData" finished-at="2025-11-04T12:11:46 IST" duration-ms="10312" status="PASS">
          <params>
            <param index="0">
              <value>
                <![CDATA[ZEKYPULO@FXZIG.COM]]>
              </value>
            </param>
            <param index="1">
              <value>
                <![CDATA[zxcvbnm]]>
              </value>
            </param>
            <param index="2">
              <value>
                <![CDATA[Fail]]>
              </value>
            </param>
          </params>
          <reporter-output>
          </reporter-output>
        </test-method> <!-- testLogin -->
        <test-method is-config="true" signature="tearDown()[pri:0, instance:tests.TC_02_xllogin@55b0dcab]" started-at="2025-11-04T12:11:46 IST" name="tearDown" finished-at="2025-11-04T12:11:46 IST" duration-ms="1" status="PASS">
          <reporter-output>
          </reporter-output>
        </test-method> <!-- tearDown -->
      </class> <!-- tests.TC_02_xllogin -->
    </test> <!-- Default test -->
  </suite> <!-- Default suite -->
</testng-results>
